<?xml version="1.0" encoding="UTF-8"?>
<testsuite xmlns:xsi="http://www.w3.org/2001/XMLSchema-instance" xsi:noNamespaceSchemaLocation="https://maven.apache.org/surefire/maven-surefire-plugin/xsd/surefire-test-report.xsd" name="consumer.ConsumerApplicationTests" time="0.782" tests="1" errors="1" skipped="0" failures="0">
  <properties>
[...]
</properties>
  <testcase name="consumer.ConsumerApplicationTests" classname="consumer.ConsumerApplicationTests" time="0.782">
    <error message="Unable to find a @SpringBootConfiguration, you need to use @ContextConfiguration or @SpringBootTest(classes=...) with your test" type="java.lang.IllegalStateException">java.lang.IllegalStateException: Unable to find a @SpringBootConfiguration, you need to use @ContextConfiguration or @SpringBootTest(classes=...) with your test
</error>
    <system-out><![CDATA[16:35:08,406 |-INFO in ch.qos.logback.classic.LoggerContext[default] - Could NOT find resource [logback-test.xml]
16:35:08,406 |-INFO in ch.qos.logback.classic.LoggerContext[default] - Could NOT find resource [logback.groovy]
16:35:08,406 |-INFO in ch.qos.logback.classic.LoggerContext[default] - Found resource [logback.xml] at [file:/E:/Capstone/jenkins-consumer/target/classes/logback.xml]
16:35:08,562 |-INFO in ch.qos.logback.classic.joran.action.ConfigurationAction - Will scan for changes in [file:/E:/Capstone/jenkins-consumer/target/classes/logback.xml] 
16:35:08,562 |-INFO in ch.qos.logback.classic.joran.action.ConfigurationAction - Setting ReconfigureOnChangeTask scanning period to 30 seconds
16:35:08,578 |-INFO in ch.qos.logback.core.joran.action.AppenderAction - About to instantiate appender of type [ch.qos.logback.core.ConsoleAppender]
16:35:08,578 |-INFO in ch.qos.logback.core.joran.action.AppenderAction - Naming appender as [CONSOLE]
16:35:08,593 |-INFO in ch.qos.logback.core.joran.action.NestedComplexPropertyIA - Assuming default type [ch.qos.logback.classic.encoder.PatternLayoutEncoder] for [encoder] property
16:35:08,625 |-INFO in ch.qos.logback.core.joran.action.AppenderAction - About to instantiate appender of type [ch.qos.logback.core.rolling.RollingFileAppender]
16:35:08,640 |-INFO in ch.qos.logback.core.joran.action.AppenderAction - Naming appender as [FILE-CONSOLE]
16:35:08,640 |-INFO in ch.qos.logback.core.joran.action.NestedComplexPropertyIA - Assuming default type [ch.qos.logback.classic.encoder.PatternLayoutEncoder] for [encoder] property
16:35:08,656 |-INFO in c.q.l.core.rolling.TimeBasedRollingPolicy@1136768342 - Will use gz compression
16:35:08,656 |-INFO in c.q.l.core.rolling.TimeBasedRollingPolicy@1136768342 - Will use the pattern logs/console/console.%d{yyyy-MM-dd}.log.%i for the active file
16:35:08,671 |-INFO in ch.qos.logback.core.rolling.SizeAndTimeBasedFNATP@609cd4d8 - The date pattern is 'yyyy-MM-dd' from file name pattern 'logs/console/console.%d{yyyy-MM-dd}.log.%i.gz'.
16:35:08,671 |-INFO in ch.qos.logback.core.rolling.SizeAndTimeBasedFNATP@609cd4d8 - Roll-over at midnight.
16:35:08,671 |-INFO in ch.qos.logback.core.rolling.SizeAndTimeBasedFNATP@609cd4d8 - Setting initial period to Wed Oct 07 16:22:01 KST 2020
16:35:08,671 |-WARN in ch.qos.logback.core.rolling.SizeAndTimeBasedFNATP@609cd4d8 - SizeAndTimeBasedFNATP is deprecated. Use SizeAndTimeBasedRollingPolicy instead
16:35:08,671 |-WARN in ch.qos.logback.core.rolling.SizeAndTimeBasedFNATP@609cd4d8 - For more information see http://logback.qos.ch/manual/appenders.html#SizeAndTimeBasedRollingPolicy
16:35:08,671 |-INFO in ch.qos.logback.core.rolling.RollingFileAppender[FILE-CONSOLE] - Active log file name: logs/console/console.log
16:35:08,671 |-INFO in ch.qos.logback.core.rolling.RollingFileAppender[FILE-CONSOLE] - File property is set to [logs/console/console.log]
16:35:08,671 |-INFO in ch.qos.logback.core.joran.action.AppenderAction - About to instantiate appender of type [ch.qos.logback.core.rolling.RollingFileAppender]
16:35:08,671 |-INFO in ch.qos.logback.core.joran.action.AppenderAction - Naming appender as [FILE-TRACE]
16:35:08,687 |-INFO in ch.qos.logback.core.joran.action.NestedComplexPropertyIA - Assuming default type [ch.qos.logback.classic.encoder.PatternLayoutEncoder] for [encoder] property
16:35:08,687 |-INFO in c.q.l.core.rolling.TimeBasedRollingPolicy@1977310713 - Will use gz compression
16:35:08,687 |-INFO in c.q.l.core.rolling.TimeBasedRollingPolicy@1977310713 - Will use the pattern logs/trace/trace.%d{yyyy-MM-dd}.log.%i for the active file
16:35:08,687 |-INFO in ch.qos.logback.core.rolling.SizeAndTimeBasedFNATP@707194ba - The date pattern is 'yyyy-MM-dd' from file name pattern 'logs/trace/trace.%d{yyyy-MM-dd}.log.%i.gz'.
16:35:08,687 |-INFO in ch.qos.logback.core.rolling.SizeAndTimeBasedFNATP@707194ba - Roll-over at midnight.
16:35:08,687 |-INFO in ch.qos.logback.core.rolling.SizeAndTimeBasedFNATP@707194ba - Setting initial period to Wed Oct 07 16:21:23 KST 2020
16:35:08,687 |-WARN in ch.qos.logback.core.rolling.SizeAndTimeBasedFNATP@707194ba - SizeAndTimeBasedFNATP is deprecated. Use SizeAndTimeBasedRollingPolicy instead
16:35:08,687 |-WARN in ch.qos.logback.core.rolling.SizeAndTimeBasedFNATP@707194ba - For more information see http://logback.qos.ch/manual/appenders.html#SizeAndTimeBasedRollingPolicy
16:35:08,687 |-INFO in ch.qos.logback.core.rolling.RollingFileAppender[FILE-TRACE] - Active log file name: logs/trace/trace.log
16:35:08,687 |-INFO in ch.qos.logback.core.rolling.RollingFileAppender[FILE-TRACE] - File property is set to [logs/trace/trace.log]
16:35:08,687 |-INFO in ch.qos.logback.core.joran.action.AppenderAction - About to instantiate appender of type [ch.qos.logback.core.rolling.RollingFileAppender]
16:35:08,687 |-INFO in ch.qos.logback.core.joran.action.AppenderAction - Naming appender as [FILE-ERROR]
16:35:08,687 |-INFO in ch.qos.logback.core.joran.action.NestedComplexPropertyIA - Assuming default type [ch.qos.logback.classic.encoder.PatternLayoutEncoder] for [encoder] property
16:35:08,687 |-INFO in c.q.l.core.rolling.TimeBasedRollingPolicy@294658058 - Will use gz compression
16:35:08,687 |-INFO in c.q.l.core.rolling.TimeBasedRollingPolicy@294658058 - Will use the pattern logs/error/error.%d{yyyy-MM-dd}.log.%i for the active file
16:35:08,703 |-INFO in ch.qos.logback.core.rolling.SizeAndTimeBasedFNATP@6a2f6f80 - The date pattern is 'yyyy-MM-dd' from file name pattern 'logs/error/error.%d{yyyy-MM-dd}.log.%i.gz'.
16:35:08,703 |-INFO in ch.qos.logback.core.rolling.SizeAndTimeBasedFNATP@6a2f6f80 - Roll-over at midnight.
16:35:08,703 |-INFO in ch.qos.logback.core.rolling.SizeAndTimeBasedFNATP@6a2f6f80 - Setting initial period to Sun Oct 04 16:09:27 KST 2020
16:35:08,703 |-WARN in ch.qos.logback.core.rolling.SizeAndTimeBasedFNATP@6a2f6f80 - SizeAndTimeBasedFNATP is deprecated. Use SizeAndTimeBasedRollingPolicy instead
16:35:08,703 |-WARN in ch.qos.logback.core.rolling.SizeAndTimeBasedFNATP@6a2f6f80 - For more information see http://logback.qos.ch/manual/appenders.html#SizeAndTimeBasedRollingPolicy
16:35:08,703 |-INFO in ch.qos.logback.core.rolling.RollingFileAppender[FILE-ERROR] - Active log file name: logs/error/error.log
16:35:08,703 |-INFO in ch.qos.logback.core.rolling.RollingFileAppender[FILE-ERROR] - File property is set to [logs/error/error.log]
16:35:08,703 |-INFO in ch.qos.logback.core.joran.action.AppenderAction - About to instantiate appender of type [ch.qos.logback.core.rolling.RollingFileAppender]
16:35:08,703 |-INFO in ch.qos.logback.core.joran.action.AppenderAction - Naming appender as [FILE-BINARY]
16:35:08,703 |-INFO in ch.qos.logback.core.joran.action.NestedComplexPropertyIA - Assuming default type [ch.qos.logback.classic.encoder.PatternLayoutEncoder] for [encoder] property
16:35:08,703 |-INFO in c.q.l.core.rolling.TimeBasedRollingPolicy@1169474473 - Will use gz compression
16:35:08,703 |-INFO in c.q.l.core.rolling.TimeBasedRollingPolicy@1169474473 - Will use the pattern logs/binary/binary.%d{yyyy-MM-dd}.log.%i for the active file
16:35:08,718 |-INFO in ch.qos.logback.core.rolling.SizeAndTimeBasedFNATP@399c4be1 - The date pattern is 'yyyy-MM-dd' from file name pattern 'logs/binary/binary.%d{yyyy-MM-dd}.log.%i.gz'.
16:35:08,718 |-INFO in ch.qos.logback.core.rolling.SizeAndTimeBasedFNATP@399c4be1 - Roll-over at midnight.
16:35:08,718 |-INFO in ch.qos.logback.core.rolling.SizeAndTimeBasedFNATP@399c4be1 - Setting initial period to Sun Oct 04 16:09:27 KST 2020
16:35:08,718 |-WARN in ch.qos.logback.core.rolling.SizeAndTimeBasedFNATP@399c4be1 - SizeAndTimeBasedFNATP is deprecated. Use SizeAndTimeBasedRollingPolicy instead
16:35:08,718 |-WARN in ch.qos.logback.core.rolling.SizeAndTimeBasedFNATP@399c4be1 - For more information see http://logback.qos.ch/manual/appenders.html#SizeAndTimeBasedRollingPolicy
16:35:08,718 |-INFO in ch.qos.logback.core.rolling.RollingFileAppender[FILE-BINARY] - Active log file name: logs/binary/binary.log
16:35:08,718 |-INFO in ch.qos.logback.core.rolling.RollingFileAppender[FILE-BINARY] - File property is set to [logs/binary/binary.log]
16:35:08,718 |-INFO in ch.qos.logback.core.joran.action.AppenderAction - About to instantiate appender of type [ch.qos.logback.core.rolling.RollingFileAppender]
16:35:08,718 |-INFO in ch.qos.logback.core.joran.action.AppenderAction - Naming appender as [FILE-SYSTEM]
16:35:08,718 |-INFO in ch.qos.logback.core.joran.action.NestedComplexPropertyIA - Assuming default type [ch.qos.logback.classic.encoder.PatternLayoutEncoder] for [encoder] property
16:35:08,734 |-INFO in c.q.l.core.rolling.TimeBasedRollingPolicy@689745064 - Will use gz compression
16:35:08,734 |-INFO in c.q.l.core.rolling.TimeBasedRollingPolicy@689745064 - Will use the pattern logs/system/system.%d{yyyy-MM-dd}.log.%i for the active file
16:35:08,734 |-INFO in ch.qos.logback.core.rolling.SizeAndTimeBasedFNATP@385e9564 - The date pattern is 'yyyy-MM-dd' from file name pattern 'logs/system/system.%d{yyyy-MM-dd}.log.%i.gz'.
16:35:08,734 |-INFO in ch.qos.logback.core.rolling.SizeAndTimeBasedFNATP@385e9564 - Roll-over at midnight.
16:35:08,734 |-INFO in ch.qos.logback.core.rolling.SizeAndTimeBasedFNATP@385e9564 - Setting initial period to Sun Oct 04 16:09:27 KST 2020
16:35:08,734 |-WARN in ch.qos.logback.core.rolling.SizeAndTimeBasedFNATP@385e9564 - SizeAndTimeBasedFNATP is deprecated. Use SizeAndTimeBasedRollingPolicy instead
16:35:08,734 |-WARN in ch.qos.logback.core.rolling.SizeAndTimeBasedFNATP@385e9564 - For more information see http://logback.qos.ch/manual/appenders.html#SizeAndTimeBasedRollingPolicy
16:35:08,734 |-INFO in ch.qos.logback.core.rolling.RollingFileAppender[FILE-SYSTEM] - Active log file name: logs/system/system.log
16:35:08,734 |-INFO in ch.qos.logback.core.rolling.RollingFileAppender[FILE-SYSTEM] - File property is set to [logs/system/system.log]
16:35:08,734 |-INFO in ch.qos.logback.classic.joran.action.LoggerAction - Setting level of logger [trace] to INFO
16:35:08,734 |-INFO in ch.qos.logback.core.joran.action.AppenderRefAction - Attaching appender named [FILE-TRACE] to Logger[trace]
16:35:08,734 |-INFO in ch.qos.logback.core.joran.action.AppenderRefAction - Attaching appender named [CONSOLE] to Logger[trace]
16:35:08,734 |-INFO in ch.qos.logback.classic.joran.action.LoggerAction - Setting level of logger [error] to INFO
16:35:08,734 |-INFO in ch.qos.logback.core.joran.action.AppenderRefAction - Attaching appender named [FILE-ERROR] to Logger[error]
16:35:08,734 |-INFO in ch.qos.logback.classic.joran.action.LoggerAction - Setting level of logger [binary] to INFO
16:35:08,734 |-INFO in ch.qos.logback.core.joran.action.AppenderRefAction - Attaching appender named [FILE-BINARY] to Logger[binary]
16:35:08,734 |-INFO in ch.qos.logback.classic.joran.action.LoggerAction - Setting level of logger [system] to INFO
16:35:08,734 |-INFO in ch.qos.logback.core.joran.action.AppenderRefAction - Attaching appender named [FILE-SYSTEM] to Logger[system]
16:35:08,734 |-INFO in ch.qos.logback.classic.joran.action.RootLoggerAction - Setting level of ROOT logger to DEBUG
16:35:08,734 |-INFO in ch.qos.logback.core.joran.action.AppenderRefAction - Attaching appender named [FILE-CONSOLE] to Logger[ROOT]
16:35:08,734 |-INFO in ch.qos.logback.classic.joran.action.ConfigurationAction - End of configuration.
16:35:08,734 |-INFO in ch.qos.logback.classic.joran.JoranConfigurator@1e178745 - Registering current configuration as safe fallback point
]]></system-out>
    <system-err><![CDATA[SLF4J: Class path contains multiple SLF4J bindings.
SLF4J: Found binding in [jar:file:/C:/Users/%EB%B0%B0%EC%84%B1%ED%9B%88/.m2/repository/ch/qos/logback/logback-classic/1.2.3/logback-classic-1.2.3.jar!/org/slf4j/impl/StaticLoggerBinder.class]
SLF4J: Found binding in [jar:file:/C:/Users/%EB%B0%B0%EC%84%B1%ED%9B%88/.m2/repository/org/slf4j/slf4j-log4j12/1.7.30/slf4j-log4j12-1.7.30.jar!/org/slf4j/impl/StaticLoggerBinder.class]
SLF4J: See http://www.slf4j.org/codes.html#multiple_bindings for an explanation.
SLF4J: Actual binding is of type [ch.qos.logback.classic.util.ContextSelectorStaticBinder]
]]></system-err>
  </testcase>
</testsuite>